2021-06-20 23:06:55,489 - root - MainThread -  INFO - patterns 443
2021-06-20 23:06:55,490 - root - MainThread -  INFO - tags: 89
2021-06-20 23:06:55,490 - root - MainThread -  INFO - 464, unique stemmed words: ['&', "'s", '(', ')', ',', '@', 'a', 'abc', 'about', 'abx', 'ac', 'access', 'accid', 'account', 'address', 'advic', 'aerob', 'after', 'afternoon', 'age', 'agreement', 'ai', 'air', 'allow', 'alter', 'am', 'amen', 'amount', 'an', 'analysi', 'and', 'angri', 'ani', 'anyon', 'anytim', 'app', 'applic', 'appoint', 'are', 'area', 'around', 'assess', 'assist', 'at', 'attend', 'avail', 'awesom', 'back', 'ball', 'bank', 'bar', 'base', 'be', 'becom', 'befor', 'benefit', 'better', 'bhatt', 'bike', 'bill', 'bodi', 'book', 'bore', 'bring', 'burpe', 'buy', 'bye', 'c', 'cabin', 'cafeteria', 'call', 'can', 'cancel', 'canteen', 'card', 'care', 'catch', 'center', 'chang', 'charg', 'chat', 'check', 'cheer', 'childcar', 'children', 'circuit', 'class', 'client', 'climber', 'close', 'club', 'code', 'collect', 'come', 'compani', 'compens', 'complaint', 'comput', 'condit', 'conditiona', 'configur', 'connect', 'contact', 'corpor', 'cost', 'could', 'covid', 'covid-19', 'cross', 'cycl', 'date', 'day', 'deadlift', 'debit', 'decid', 'depart', 'describ', 'design', 'desktop', 'detail', 'develop', 'differ', 'direct', 'disabl', 'discount', 'dispens', 'dissatisfi', 'distanc', 'do', 'doe', 'domain', 'down', 'downgrad', 'dress', 'dumbbel', 'earn', 'ellipt', 'employe', 'enrol', 'entertain', 'entranc', 'equiment', 'equip', 'even', 'event', 'exercis', 'expect', 'extend', 'famili', 'favourit', 'fee', 'few', 'file', 'find', 'fit', 'for', 'forget', 'forgot', 'free', 'freez', 'friend', 'from', 'full', 'funni', 'fusion', 'game', 'get', 'give', 'gmail.com', 'go', 'good', 'goodby', 'group', 'guid', 'gym', 'gymshark', 'gymshark.com', 'hairdryer', 'hand', 'handl', 'happi', 'have', 'hay', 'head', 'health', 'hello', 'help', 'hey', 'hi', 'high', 'hiit', 'hola', 'hold', 'hour', 'how', 'huge', 'i', 'if', 'ill', 'improv', 'in', 'indoor', 'induct', 'instruct', 'instructor', 'instuctor', 'interact', 'into', 'is', 'issu', 'it', 'i’m', 'jo', 'job', 'john', 'join', 'joke', 'kickbox', 'kid', 'know', 'knowledg', 'kumar', 'laptop', 'later', 'leav', 'legal', 'less', 'lift', 'like', 'list', 'locat', 'locker', 'lodg', 'log', 'login', 'long', 'look', 'lose', 'lot', 'love', 'lower', 'lung', 'machin', 'maintain', 'manag', 'mani', 'manish', 'marri', 'mat', 'matter', 'me', 'measur', 'meet', 'member', 'membership', 'membership_cancel', 'michel', 'microphon', 'misfuct', 'money', 'month', 'morn', 'much', 'mulfunct', 'my', 'name', 'need', 'new', 'next', 'nice', 'not', 'notic', 'number', 'of', 'offer', 'offic', 'often', 'old', 'on', 'one', 'onlin', 'onsit', 'open', 'option', 'or', 'order', 'other', 'out', 'outfit', 'own', 'packag', 'padlock', 'pandemia', 'paper', 'park', 'pass', 'password', 'pay', 'payment', 'per', 'period', 'person', 'photo', 'pictur', 'plan', 'plank', 'play', 'pleas', 'pleasur', 'power', 'precautionari', 'premis', 'present', 'press', 'price', 'problem', 'product', 'program', 'programm', 'project', 'provid', 'purchas', 'pushup', 'put', 'queri', 'question', 'rais', 're-join', 'read', 'recept', 'recommend', 'record', 'recumb', 'refer', 'referr', 'regist', 'rejoin', 'relat', 'remuner', 'reopen', 'request', 'requir', 'resign', 'restrict', 'ride', 'risk', 'room', 'row', 'rower', 'roy', 'safeti', 'salari', 'satisfi', 'schedul', 'scheme', 'scope', 'see', 'seeker', 'sell', 'senior', 'servic', 'session', 'shantanu', 'shape', 'sharma', 'shop', 'should', 'shower', 'shown', 'siddhart', 'sign', 'sign-up', 'site', 'smith', 'so', 'social', 'softwar', 'some', 'someon', 'space', 'special', 'squat', 'staf', 'staff', 'stair', 'stamina', 'start', 'step', 'stepper', 'student/group', 'sunb', 'sunbath', 'supervisor', 'suppli', 'support', 't', 'take', 'talk', 'tbc', 'technic', 'tell', 'term', 'termin', 'test', 'thank', 'that', 'the', 'then', 'theoret', 'there', 'thing', 'till', 'time', 'timet', 'to', 'today', 'toilet', 'too', 'total', 'towel', 'train', 'trainer', 'treadmil', 'tri', 'trial', 'type', 'until', 'up', 'updat', 'upgrad', 'use', 'video', 'virtual', 'visit', 'wait', 'wan', 'want', 'water', 'wear', 'weather', 'webinar', 'weigh', 'weight', 'well', 'what', 'when', 'where', 'whi', 'while', 'who', 'wifi', 'will', 'wipe', 'with', 'withdra', 'work', 'workforc', 'workout', 'workshop', 'would', 'yoga', 'you', 'your', 'zumba']
2021-06-20 23:06:55,534 - root - MainThread -  INFO - 464, 89
2021-06-20 23:06:59,010 - root - MainThread -  INFO - Epoch [100/2000], Loss: 0.1568, Accuracy: 0.9887133182844243
2021-06-20 23:07:02,584 - root - MainThread -  INFO - Epoch [200/2000], Loss: 0.0057, Accuracy: 0.9864559819413092
2021-06-20 23:07:06,157 - root - MainThread -  INFO - Epoch [300/2000], Loss: 0.0002, Accuracy: 0.9841986455981941
2021-06-20 23:07:10,174 - root - MainThread -  INFO - Epoch [400/2000], Loss: 0.0085, Accuracy: 0.9864559819413092
2021-06-20 23:07:14,080 - root - MainThread -  INFO - Epoch [500/2000], Loss: 0.0000, Accuracy: 0.9909706546275395
2021-06-20 23:07:18,017 - root - MainThread -  INFO - Epoch [600/2000], Loss: 0.0000, Accuracy: 0.9864559819413092
2021-06-20 23:07:22,376 - root - MainThread -  INFO - Epoch [700/2000], Loss: 0.0000, Accuracy: 0.9887133182844243
2021-06-20 23:07:26,741 - root - MainThread -  INFO - Epoch [800/2000], Loss: 0.0067, Accuracy: 0.9887133182844243
2021-06-20 23:07:31,292 - root - MainThread -  INFO - Epoch [900/2000], Loss: 0.0000, Accuracy: 0.9864559819413092
2021-06-20 23:07:36,224 - root - MainThread -  INFO - Epoch [1000/2000], Loss: 0.0000, Accuracy: 0.9864559819413092
2021-06-20 23:07:41,095 - root - MainThread -  INFO - Epoch [1100/2000], Loss: 0.0000, Accuracy: 0.9864559819413092
2021-06-20 23:07:45,678 - root - MainThread -  INFO - Epoch [1200/2000], Loss: 0.0000, Accuracy: 0.9909706546275395
2021-06-20 23:07:49,830 - root - MainThread -  INFO - Epoch [1300/2000], Loss: 0.0000, Accuracy: 0.9887133182844243
2021-06-20 23:07:53,980 - root - MainThread -  INFO - Epoch [1400/2000], Loss: 0.0000, Accuracy: 0.9841986455981941
2021-06-20 23:07:58,161 - root - MainThread -  INFO - Epoch [1500/2000], Loss: 0.0000, Accuracy: 0.9864559819413092
2021-06-20 23:08:02,308 - root - MainThread -  INFO - Epoch [1600/2000], Loss: 0.0000, Accuracy: 0.9887133182844243
2021-06-20 23:08:06,484 - root - MainThread -  INFO - Epoch [1700/2000], Loss: 0.3120, Accuracy: 0.9841986455981941
2021-06-20 23:08:10,688 - root - MainThread -  INFO - Epoch [1800/2000], Loss: 0.0021, Accuracy: 0.9841986455981941
2021-06-20 23:08:15,196 - root - MainThread -  INFO - Epoch [1900/2000], Loss: 0.0000, Accuracy: 0.9841986455981941
2021-06-20 23:08:19,789 - root - MainThread -  INFO - Epoch [2000/2000], Loss: 0.0000, Accuracy: 0.9887133182844243
2021-06-20 23:08:19,789 - root - MainThread -  INFO - final loss: 0.0000
2021-06-20 23:08:19,791 - root - MainThread -  INFO - training complete. file saved to ../../data.pth
2021-06-20 23:10:57,410 - root - MainThread -  INFO - patterns 443
2021-06-20 23:10:57,410 - root - MainThread -  INFO - tags: 89
2021-06-20 23:10:57,410 - root - MainThread -  INFO - 464, unique stemmed words: ['&', "'s", '(', ')', ',', '@', 'a', 'abc', 'about', 'abx', 'ac', 'access', 'accid', 'account', 'address', 'advic', 'aerob', 'after', 'afternoon', 'age', 'agreement', 'ai', 'air', 'allow', 'alter', 'am', 'amen', 'amount', 'an', 'analysi', 'and', 'angri', 'ani', 'anyon', 'anytim', 'app', 'applic', 'appoint', 'are', 'area', 'around', 'assess', 'assist', 'at', 'attend', 'avail', 'awesom', 'back', 'ball', 'bank', 'bar', 'base', 'be', 'becom', 'befor', 'benefit', 'better', 'bhatt', 'bike', 'bill', 'bodi', 'book', 'bore', 'bring', 'burpe', 'buy', 'bye', 'c', 'cabin', 'cafeteria', 'call', 'can', 'cancel', 'canteen', 'card', 'care', 'catch', 'center', 'chang', 'charg', 'chat', 'check', 'cheer', 'childcar', 'children', 'circuit', 'class', 'client', 'climber', 'close', 'club', 'code', 'collect', 'come', 'compani', 'compens', 'complaint', 'comput', 'condit', 'conditiona', 'configur', 'connect', 'contact', 'corpor', 'cost', 'could', 'covid', 'covid-19', 'cross', 'cycl', 'date', 'day', 'deadlift', 'debit', 'decid', 'depart', 'describ', 'design', 'desktop', 'detail', 'develop', 'differ', 'direct', 'disabl', 'discount', 'dispens', 'dissatisfi', 'distanc', 'do', 'doe', 'domain', 'down', 'downgrad', 'dress', 'dumbbel', 'earn', 'ellipt', 'employe', 'enrol', 'entertain', 'entranc', 'equiment', 'equip', 'even', 'event', 'exercis', 'expect', 'extend', 'famili', 'favourit', 'fee', 'few', 'file', 'find', 'fit', 'for', 'forget', 'forgot', 'free', 'freez', 'friend', 'from', 'full', 'funni', 'fusion', 'game', 'get', 'give', 'gmail.com', 'go', 'good', 'goodby', 'group', 'guid', 'gym', 'gymshark', 'gymshark.com', 'hairdryer', 'hand', 'handl', 'happi', 'have', 'hay', 'head', 'health', 'hello', 'help', 'hey', 'hi', 'high', 'hiit', 'hola', 'hold', 'hour', 'how', 'huge', 'i', 'if', 'ill', 'improv', 'in', 'indoor', 'induct', 'instruct', 'instructor', 'instuctor', 'interact', 'into', 'is', 'issu', 'it', 'i’m', 'jo', 'job', 'john', 'join', 'joke', 'kickbox', 'kid', 'know', 'knowledg', 'kumar', 'laptop', 'later', 'leav', 'legal', 'less', 'lift', 'like', 'list', 'locat', 'locker', 'lodg', 'log', 'login', 'long', 'look', 'lose', 'lot', 'love', 'lower', 'lung', 'machin', 'maintain', 'manag', 'mani', 'manish', 'marri', 'mat', 'matter', 'me', 'measur', 'meet', 'member', 'membership', 'membership_cancel', 'michel', 'microphon', 'misfuct', 'money', 'month', 'morn', 'much', 'mulfunct', 'my', 'name', 'need', 'new', 'next', 'nice', 'not', 'notic', 'number', 'of', 'offer', 'offic', 'often', 'old', 'on', 'one', 'onlin', 'onsit', 'open', 'option', 'or', 'order', 'other', 'out', 'outfit', 'own', 'packag', 'padlock', 'pandemia', 'paper', 'park', 'pass', 'password', 'pay', 'payment', 'per', 'period', 'person', 'photo', 'pictur', 'plan', 'plank', 'play', 'pleas', 'pleasur', 'power', 'precautionari', 'premis', 'present', 'press', 'price', 'problem', 'product', 'program', 'programm', 'project', 'provid', 'purchas', 'pushup', 'put', 'queri', 'question', 'rais', 're-join', 'read', 'recept', 'recommend', 'record', 'recumb', 'refer', 'referr', 'regist', 'rejoin', 'relat', 'remuner', 'reopen', 'request', 'requir', 'resign', 'restrict', 'ride', 'risk', 'room', 'row', 'rower', 'roy', 'safeti', 'salari', 'satisfi', 'schedul', 'scheme', 'scope', 'see', 'seeker', 'sell', 'senior', 'servic', 'session', 'shantanu', 'shape', 'sharma', 'shop', 'should', 'shower', 'shown', 'siddhart', 'sign', 'sign-up', 'site', 'smith', 'so', 'social', 'softwar', 'some', 'someon', 'space', 'special', 'squat', 'staf', 'staff', 'stair', 'stamina', 'start', 'step', 'stepper', 'student/group', 'sunb', 'sunbath', 'supervisor', 'suppli', 'support', 't', 'take', 'talk', 'tbc', 'technic', 'tell', 'term', 'termin', 'test', 'thank', 'that', 'the', 'then', 'theoret', 'there', 'thing', 'till', 'time', 'timet', 'to', 'today', 'toilet', 'too', 'total', 'towel', 'train', 'trainer', 'treadmil', 'tri', 'trial', 'type', 'until', 'up', 'updat', 'upgrad', 'use', 'video', 'virtual', 'visit', 'wait', 'wan', 'want', 'water', 'wear', 'weather', 'webinar', 'weigh', 'weight', 'well', 'what', 'when', 'where', 'whi', 'while', 'who', 'wifi', 'will', 'wipe', 'with', 'withdra', 'work', 'workforc', 'workout', 'workshop', 'would', 'yoga', 'you', 'your', 'zumba']
2021-06-20 23:10:57,461 - root - MainThread -  INFO - 464, 89
2021-06-20 23:11:01,092 - root - MainThread -  INFO - Epoch [100/2000], Loss: 0.0234, Accuracy: 0.9841986455981941
2021-06-20 23:11:04,793 - root - MainThread -  INFO - Epoch [200/2000], Loss: 0.0011, Accuracy: 0.9909706546275395
2021-06-20 23:11:08,448 - root - MainThread -  INFO - Epoch [300/2000], Loss: 0.0009, Accuracy: 0.9887133182844243
2021-06-20 23:11:12,177 - root - MainThread -  INFO - Epoch [400/2000], Loss: 0.0000, Accuracy: 0.9841986455981941
2021-06-20 23:11:16,956 - root - MainThread -  INFO - Epoch [500/2000], Loss: 0.0000, Accuracy: 0.9864559819413092
2021-06-20 23:11:21,203 - root - MainThread -  INFO - Epoch [600/2000], Loss: 0.0000, Accuracy: 0.9841986455981941
2021-06-20 23:11:25,256 - root - MainThread -  INFO - Epoch [700/2000], Loss: 0.0000, Accuracy: 0.9864559819413092
2021-06-20 23:11:29,314 - root - MainThread -  INFO - Epoch [800/2000], Loss: 0.0008, Accuracy: 0.981941309255079
2021-06-20 23:11:33,691 - root - MainThread -  INFO - Epoch [900/2000], Loss: 0.0000, Accuracy: 0.9864559819413092
2021-06-20 23:11:37,946 - root - MainThread -  INFO - Epoch [1000/2000], Loss: 0.0000, Accuracy: 0.9864559819413092
2021-06-20 23:11:42,174 - root - MainThread -  INFO - Epoch [1100/2000], Loss: 0.0000, Accuracy: 0.9864559819413092
2021-06-20 23:11:46,536 - root - MainThread -  INFO - Epoch [1200/2000], Loss: 0.0000, Accuracy: 0.9887133182844243
2021-06-20 23:11:50,605 - root - MainThread -  INFO - Epoch [1300/2000], Loss: 0.0000, Accuracy: 0.9887133182844243
2021-06-20 23:11:54,838 - root - MainThread -  INFO - Epoch [1400/2000], Loss: 0.0000, Accuracy: 0.9864559819413092
2021-06-20 23:11:58,961 - root - MainThread -  INFO - Epoch [1500/2000], Loss: 0.0000, Accuracy: 0.9841986455981941
2021-06-20 23:12:03,317 - root - MainThread -  INFO - Epoch [1600/2000], Loss: 0.0000, Accuracy: 0.9864559819413092
2021-06-20 23:12:07,883 - root - MainThread -  INFO - Epoch [1700/2000], Loss: 0.0000, Accuracy: 0.9841986455981941
2021-06-20 23:12:12,139 - root - MainThread -  INFO - Epoch [1800/2000], Loss: 0.0000, Accuracy: 0.9864559819413092
2021-06-20 23:12:17,041 - root - MainThread -  INFO - Epoch [1900/2000], Loss: 0.0000, Accuracy: 0.9841986455981941
2021-06-20 23:12:21,469 - root - MainThread -  INFO - Epoch [2000/2000], Loss: 0.0000, Accuracy: 0.9887133182844243
2021-06-20 23:12:21,469 - root - MainThread -  INFO - final loss: 0.0000
2021-06-20 23:12:21,471 - root - MainThread -  INFO - training complete. file saved to ../../data.pth
2021-06-20 23:13:53,300 - root - MainThread -  INFO - patterns 443
2021-06-20 23:13:53,300 - root - MainThread -  INFO - tags: 89
2021-06-20 23:13:53,300 - root - MainThread -  INFO - 464, unique stemmed words: ['&', "'s", '(', ')', ',', '@', 'a', 'abc', 'about', 'abx', 'ac', 'access', 'accid', 'account', 'address', 'advic', 'aerob', 'after', 'afternoon', 'age', 'agreement', 'ai', 'air', 'allow', 'alter', 'am', 'amen', 'amount', 'an', 'analysi', 'and', 'angri', 'ani', 'anyon', 'anytim', 'app', 'applic', 'appoint', 'are', 'area', 'around', 'assess', 'assist', 'at', 'attend', 'avail', 'awesom', 'back', 'ball', 'bank', 'bar', 'base', 'be', 'becom', 'befor', 'benefit', 'better', 'bhatt', 'bike', 'bill', 'bodi', 'book', 'bore', 'bring', 'burpe', 'buy', 'bye', 'c', 'cabin', 'cafeteria', 'call', 'can', 'cancel', 'canteen', 'card', 'care', 'catch', 'center', 'chang', 'charg', 'chat', 'check', 'cheer', 'childcar', 'children', 'circuit', 'class', 'client', 'climber', 'close', 'club', 'code', 'collect', 'come', 'compani', 'compens', 'complaint', 'comput', 'condit', 'conditiona', 'configur', 'connect', 'contact', 'corpor', 'cost', 'could', 'covid', 'covid-19', 'cross', 'cycl', 'date', 'day', 'deadlift', 'debit', 'decid', 'depart', 'describ', 'design', 'desktop', 'detail', 'develop', 'differ', 'direct', 'disabl', 'discount', 'dispens', 'dissatisfi', 'distanc', 'do', 'doe', 'domain', 'down', 'downgrad', 'dress', 'dumbbel', 'earn', 'ellipt', 'employe', 'enrol', 'entertain', 'entranc', 'equiment', 'equip', 'even', 'event', 'exercis', 'expect', 'extend', 'famili', 'favourit', 'fee', 'few', 'file', 'find', 'fit', 'for', 'forget', 'forgot', 'free', 'freez', 'friend', 'from', 'full', 'funni', 'fusion', 'game', 'get', 'give', 'gmail.com', 'go', 'good', 'goodby', 'group', 'guid', 'gym', 'gymshark', 'gymshark.com', 'hairdryer', 'hand', 'handl', 'happi', 'have', 'hay', 'head', 'health', 'hello', 'help', 'hey', 'hi', 'high', 'hiit', 'hola', 'hold', 'hour', 'how', 'huge', 'i', 'if', 'ill', 'improv', 'in', 'indoor', 'induct', 'instruct', 'instructor', 'instuctor', 'interact', 'into', 'is', 'issu', 'it', 'i’m', 'jo', 'job', 'john', 'join', 'joke', 'kickbox', 'kid', 'know', 'knowledg', 'kumar', 'laptop', 'later', 'leav', 'legal', 'less', 'lift', 'like', 'list', 'locat', 'locker', 'lodg', 'log', 'login', 'long', 'look', 'lose', 'lot', 'love', 'lower', 'lung', 'machin', 'maintain', 'manag', 'mani', 'manish', 'marri', 'mat', 'matter', 'me', 'measur', 'meet', 'member', 'membership', 'membership_cancel', 'michel', 'microphon', 'misfuct', 'money', 'month', 'morn', 'much', 'mulfunct', 'my', 'name', 'need', 'new', 'next', 'nice', 'not', 'notic', 'number', 'of', 'offer', 'offic', 'often', 'old', 'on', 'one', 'onlin', 'onsit', 'open', 'option', 'or', 'order', 'other', 'out', 'outfit', 'own', 'packag', 'padlock', 'pandemia', 'paper', 'park', 'pass', 'password', 'pay', 'payment', 'per', 'period', 'person', 'photo', 'pictur', 'plan', 'plank', 'play', 'pleas', 'pleasur', 'power', 'precautionari', 'premis', 'present', 'press', 'price', 'problem', 'product', 'program', 'programm', 'project', 'provid', 'purchas', 'pushup', 'put', 'queri', 'question', 'rais', 're-join', 'read', 'recept', 'recommend', 'record', 'recumb', 'refer', 'referr', 'regist', 'rejoin', 'relat', 'remuner', 'reopen', 'request', 'requir', 'resign', 'restrict', 'ride', 'risk', 'room', 'row', 'rower', 'roy', 'safeti', 'salari', 'satisfi', 'schedul', 'scheme', 'scope', 'see', 'seeker', 'sell', 'senior', 'servic', 'session', 'shantanu', 'shape', 'sharma', 'shop', 'should', 'shower', 'shown', 'siddhart', 'sign', 'sign-up', 'site', 'smith', 'so', 'social', 'softwar', 'some', 'someon', 'space', 'special', 'squat', 'staf', 'staff', 'stair', 'stamina', 'start', 'step', 'stepper', 'student/group', 'sunb', 'sunbath', 'supervisor', 'suppli', 'support', 't', 'take', 'talk', 'tbc', 'technic', 'tell', 'term', 'termin', 'test', 'thank', 'that', 'the', 'then', 'theoret', 'there', 'thing', 'till', 'time', 'timet', 'to', 'today', 'toilet', 'too', 'total', 'towel', 'train', 'trainer', 'treadmil', 'tri', 'trial', 'type', 'until', 'up', 'updat', 'upgrad', 'use', 'video', 'virtual', 'visit', 'wait', 'wan', 'want', 'water', 'wear', 'weather', 'webinar', 'weigh', 'weight', 'well', 'what', 'when', 'where', 'whi', 'while', 'who', 'wifi', 'will', 'wipe', 'with', 'withdra', 'work', 'workforc', 'workout', 'workshop', 'would', 'yoga', 'you', 'your', 'zumba']
2021-06-20 23:13:53,352 - root - MainThread -  INFO - 464, 89
2021-06-20 23:13:56,869 - root - MainThread -  INFO - Epoch [100/2000], Loss: 0.0354, Accuracy: 0.9887133182844243
2021-06-20 23:14:00,470 - root - MainThread -  INFO - Epoch [200/2000], Loss: 0.0145, Accuracy: 0.9887133182844243
2021-06-20 23:14:04,207 - root - MainThread -  INFO - Epoch [300/2000], Loss: 0.0001, Accuracy: 0.9887133182844243
2021-06-20 23:14:07,973 - root - MainThread -  INFO - Epoch [400/2000], Loss: 0.0001, Accuracy: 0.9841986455981941
2021-06-20 23:14:11,774 - root - MainThread -  INFO - Epoch [500/2000], Loss: 0.0000, Accuracy: 0.9864559819413092
2021-06-20 23:14:15,678 - root - MainThread -  INFO - Epoch [600/2000], Loss: 0.0000, Accuracy: 0.9864559819413092
2021-06-20 23:14:19,571 - root - MainThread -  INFO - Epoch [700/2000], Loss: 0.0000, Accuracy: 0.9841986455981941
2021-06-20 23:14:23,972 - root - MainThread -  INFO - Epoch [800/2000], Loss: 0.0000, Accuracy: 0.9864559819413092
2021-06-20 23:14:28,194 - root - MainThread -  INFO - Epoch [900/2000], Loss: 0.0000, Accuracy: 0.9909706546275395
2021-06-20 23:14:32,664 - root - MainThread -  INFO - Epoch [1000/2000], Loss: 0.0000, Accuracy: 0.9864559819413092
2021-06-20 23:14:36,877 - root - MainThread -  INFO - Epoch [1100/2000], Loss: 0.0000, Accuracy: 0.9864559819413092
2021-06-20 23:14:41,192 - root - MainThread -  INFO - Epoch [1200/2000], Loss: 0.0000, Accuracy: 0.9841986455981941
2021-06-20 23:14:45,973 - root - MainThread -  INFO - Epoch [1300/2000], Loss: 0.0000, Accuracy: 0.9864559819413092
2021-06-20 23:14:50,671 - root - MainThread -  INFO - Epoch [1400/2000], Loss: 0.0000, Accuracy: 0.9841986455981941
2021-06-20 23:14:55,240 - root - MainThread -  INFO - Epoch [1500/2000], Loss: 0.0000, Accuracy: 0.9841986455981941
2021-06-20 23:15:00,117 - root - MainThread -  INFO - Epoch [1600/2000], Loss: 0.0000, Accuracy: 0.9841986455981941
2021-06-20 23:15:05,050 - root - MainThread -  INFO - Epoch [1700/2000], Loss: 0.0000, Accuracy: 0.9864559819413092
2021-06-20 23:15:09,683 - root - MainThread -  INFO - Epoch [1800/2000], Loss: 0.0000, Accuracy: 0.9841986455981941
2021-06-20 23:15:14,214 - root - MainThread -  INFO - Epoch [1900/2000], Loss: 0.2805, Accuracy: 0.9864559819413092
2021-06-20 23:15:18,658 - root - MainThread -  INFO - Epoch [2000/2000], Loss: 0.0000, Accuracy: 0.9887133182844243
2021-06-20 23:15:18,658 - root - MainThread -  INFO - final loss: 0.0000
2021-06-20 23:15:18,660 - root - MainThread -  INFO - training complete. file saved to ../../data.pth
